MPASM  5.51                           5-8.ASM   1-9-2017  1:24:21         PAGE  1


LOC  OBJECT CODE     LINE SOURCE TEXT
  VALUE

                      00001 ;5-8
                      00002 ;header
                      00003         LIST    P=PIC16F84A
                      00004         INCLUDE "P16F84A.INC"
                      00001         LIST
                      00002 
                      00003 ;==========================================================================
                      00004 ;  MPASM PIC16F84A processor include
                      00005 ; 
                      00006 ;  (c) Copyright 1999-2013 Microchip Technology, All rights reserved
                      00007 ;==========================================================================
                      00008 
                      00208         LIST
                      00005 ;var
  00000001            00006 RELAY   EQU     01H
  0000000C            00007 CNT1    EQU     0CH
  0000000D            00008 CNT2    EQU     0DH
  0000000E            00009 CNT3    EQU     0EH
                      00010 ;main
0000                  00011         ORG     0
                      00012 
0000   1683           00013         BSF     STATUS,RP0
Message[302]: Register in operand not in bank 0.  Ensure that bank bits are correct.
0001   0186           00014         CLRF    TRISB
0002   1283           00015         BCF     STATUS,RP0
                      00016 
0003   0186           00017 REPEAT  CLRF    PORTB
0004   2016           00018         CALL    TIMER3
0005   3001           00019         MOVLW   RELAY
0006   0086           00020         MOVWF   PORTB
0007   2016           00021         CALL    TIMER3
0008   2803           00022         GOTO    REPEAT
                      00023 
0009   303E           00024 TIMER1  MOVLW   D'62'
000A   008C           00025         MOVWF   CNT1
000B   0000           00026 LOOP1   NOP
000C   0B8C           00027         DECFSZ  CNT1,F
000D   280B           00028         GOTO    LOOP1
000E   0008           00029         RETURN
                      00030 
000F   3064           00031 TIMER2  MOVLW   D'100'
0010   008D           00032         MOVWF   CNT2
0011   0000           00033 LOOP2   NOP
0012   2009           00034         CALL    TIMER1
0013   0B8D           00035         DECFSZ  CNT2,F
0014   2811           00036         GOTO    LOOP2
0015   0008           00037         RETURN
0016   3064           00038 TIMER3  MOVLW   D'100'
0017   008E           00039         MOVWF   CNT3
0018   0000           00040 LOOP3   NOP
0019   200F           00041         CALL    TIMER2
001A   0B8E           00042         DECFSZ  CNT3,F
001B   2818           00043         GOTO    LOOP3
MPASM  5.51                           5-8.ASM   1-9-2017  1:24:21         PAGE  2


LOC  OBJECT CODE     LINE SOURCE TEXT
  VALUE

001C   0008           00044         RETURN
                      00045 
                      00046         END
MPASM  5.51                           5-8.ASM   1-9-2017  1:24:21         PAGE  3


SYMBOL TABLE
  LABEL                             VALUE 

C                                 00000000
CNT1                              0000000C
CNT2                              0000000D
CNT3                              0000000E
DC                                00000001
EEADR                             00000009
EECON1                            00000088
EECON2                            00000089
EEDATA                            00000008
EEIE                              00000006
EEIF                              00000004
F                                 00000001
FSR                               00000004
GIE                               00000007
INDF                              00000000
INTCON                            0000000B
INTE                              00000004
INTEDG                            00000006
INTF                              00000001
IRP                               00000007
LOOP1                             0000000B
LOOP2                             00000011
LOOP3                             00000018
NOT_PD                            00000003
NOT_RBPU                          00000007
NOT_TO                            00000004
OPTION_REG                        00000081
PCL                               00000002
PCLATH                            0000000A
PORTA                             00000005
PORTB                             00000006
PS0                               00000000
PS1                               00000001
PS2                               00000002
PSA                               00000003
RA0                               00000000
RA1                               00000001
RA2                               00000002
RA3                               00000003
RA4                               00000004
RB0                               00000000
RB1                               00000001
RB2                               00000002
RB3                               00000003
RB4                               00000004
RB5                               00000005
RB6                               00000006
RB7                               00000007
RBIE                              00000003
RBIF                              00000000
RD                                00000000
RELAY                             00000001
REPEAT                            00000003
MPASM  5.51                           5-8.ASM   1-9-2017  1:24:21         PAGE  4


SYMBOL TABLE
  LABEL                             VALUE 

RP0                               00000005
RP1                               00000006
STATUS                            00000003
T0CS                              00000005
T0IE                              00000005
T0IF                              00000002
T0SE                              00000004
TIMER1                            00000009
TIMER2                            0000000F
TIMER3                            00000016
TMR0                              00000001
TMR0IE                            00000005
TMR0IF                            00000002
TRISA                             00000085
TRISA0                            00000000
TRISA1                            00000001
TRISA2                            00000002
TRISA3                            00000003
TRISA4                            00000004
TRISB                             00000086
TRISB0                            00000000
TRISB1                            00000001
TRISB2                            00000002
TRISB3                            00000003
TRISB4                            00000004
TRISB5                            00000005
TRISB6                            00000006
TRISB7                            00000007
W                                 00000000
WR                                00000001
WREN                              00000002
WRERR                             00000003
Z                                 00000002
_CONFIG                           00002007
_CP_OFF                           00003FFF
_CP_ON                            0000000F
_DEVID1                           00002006
_FOSC_EXTRC                       00003FFF
_FOSC_HS                          00003FFE
_FOSC_LP                          00003FFC
_FOSC_XT                          00003FFD
_HS_OSC                           00003FFE
_IDLOC0                           00002000
_IDLOC1                           00002001
_IDLOC2                           00002002
_IDLOC3                           00002003
_LP_OSC                           00003FFC
_PWRTE_OFF                        00003FFF
_PWRTE_ON                         00003FF7
_RC_OSC                           00003FFF
_WDTE_OFF                         00003FFB
_WDTE_ON                          00003FFF
_WDT_OFF                          00003FFB
MPASM  5.51                           5-8.ASM   1-9-2017  1:24:21         PAGE  5


SYMBOL TABLE
  LABEL                             VALUE 

_WDT_ON                           00003FFF
_XT_OSC                           00003FFD
__16F84A                          00000001
__DEBUG                           1


MEMORY USAGE MAP ('X' = Used,  '-' = Unused)

0000 : XXXXXXXXXXXXXXXX XXXXXXXXXXXXX--- ---------------- ----------------

All other memory blocks unused.

Program Memory Words Used:    29
Program Memory Words Free:   995


Errors   :     0
Warnings :     0 reported,     0 suppressed
Messages :     1 reported,     0 suppressed

